[2025-05-20 22:26:52,586] 1026 httpx - INFO - HTTP Request: GET https://dagshub.com/api/v1/user "HTTP/1.1 200 OK"
[2025-05-20 22:26:52,592] 107 dagshub - INFO - Accessing as Asrith-Ladi
[2025-05-20 22:26:53,690] 1026 httpx - INFO - HTTP Request: GET https://dagshub.com/api/v1/repos/Asrith-Ladi/networksecurity "HTTP/1.1 200 OK"
[2025-05-20 22:26:54,611] 1026 httpx - INFO - HTTP Request: GET https://dagshub.com/api/v1/user "HTTP/1.1 200 OK"
[2025-05-20 22:26:54,612] 107 dagshub - INFO - Initialized MLflow to track repo "Asrith-Ladi/networksecurity"
[2025-05-20 22:26:54,614] 107 dagshub - INFO - Repository Asrith-Ladi/networksecurity initialized!
[2025-05-20 22:27:50,665] 42 root - INFO - Start data Ingestion
[2025-05-20 22:27:55,036] 69 root - INFO - Performed train test split on the dataframe
[2025-05-20 22:27:55,036] 71 root - INFO - Exited split_data_as_train_test method of Data_Ingestion class
[2025-05-20 22:27:55,036] 79 root - INFO - Exporting train and test file path.
[2025-05-20 22:27:55,331] 88 root - INFO - Exported train and test file path.
[2025-05-20 22:27:55,331] 45 root - INFO - Data Ingestion completed and artifact : DataIngestionArtifact(trained_file_path='Artifacts\\05_20_2025_22_26_47\\data_ingestion\\ingested\\train.csv', test_file_path='Artifacts\\05_20_2025_22_26_47\\data_ingestion\\ingested\\test.csv')
[2025-05-20 22:27:55,339] 54 root - INFO - Initiate the data Validation
[2025-05-20 22:27:55,531] 32 root - INFO - Required number of columns:2
[2025-05-20 22:27:55,531] 33 root - INFO - Data frame has columns:31
[2025-05-20 22:27:55,531] 32 root - INFO - Required number of columns:2
[2025-05-20 22:27:55,531] 33 root - INFO - Data frame has columns:31
[2025-05-20 22:27:56,505] 60 root - INFO - Entered initiate_data_transformation method of DataTransformation class
[2025-05-20 22:27:56,505] 62 root - INFO - Starting data transformation
[2025-05-20 22:27:56,649] 49 root - INFO - Entered get_data_transformer_object method of Transformation class
[2025-05-20 22:27:56,649] 53 root - INFO - Initialise KNNImputer with {'missing_values': nan, 'n_neighbors': 3, 'weights': 'uniform'}
[2025-05-20 22:27:56,704] 46 root - INFO - Entered the save_object method of MainUtils class
[2025-05-20 22:27:56,726] 50 root - INFO - Exited the save_object method of MainUtils class
[2025-05-20 22:27:56,726] 46 root - INFO - Entered the save_object method of MainUtils class
[2025-05-20 22:27:56,738] 50 root - INFO - Exited the save_object method of MainUtils class
[2025-05-20 22:49:12,945] 46 root - INFO - Entered the save_object method of MainUtils class
[2025-05-20 22:49:12,945] 50 root - INFO - Exited the save_object method of MainUtils class
[2025-05-20 22:49:12,946] 46 root - INFO - Entered the save_object method of MainUtils class
[2025-05-20 22:49:12,973] 50 root - INFO - Exited the save_object method of MainUtils class
[2025-05-20 22:49:12,973] 120 root - INFO - Model trainer artifact: ModelTrainerArtifact(trained_model_file_path='Artifacts\\05_20_2025_22_26_47\\model_trainer\\trained_model\\model.pkl', train_metric_artifact=ClassificationMetricArtifact(f1_score=0.9909235077774403, precision_score=0.9888215488215488, recall_score=0.9930344221275444), test_metric_artifact=ClassificationMetricArtifact(f1_score=0.9893084314521586, precision_score=0.9865047233468286, recall_score=0.992128121606949))
