[2025-05-20 18:48:53,752] 1026 httpx - INFO - HTTP Request: GET https://dagshub.com/api/v1/user "HTTP/1.1 200 OK"
[2025-05-20 18:48:53,758] 107 dagshub - INFO - Accessing as Asrith-Ladi
[2025-05-20 18:48:54,758] 1026 httpx - INFO - HTTP Request: GET https://dagshub.com/api/v1/repos/Asrith-Ladi/networksecurity "HTTP/1.1 200 OK"
[2025-05-20 18:48:56,344] 1026 httpx - INFO - HTTP Request: GET https://dagshub.com/api/v1/user "HTTP/1.1 200 OK"
[2025-05-20 18:48:56,349] 107 dagshub - INFO - Initialized MLflow to track repo "Asrith-Ladi/networksecurity"
[2025-05-20 18:48:56,349] 107 dagshub - INFO - Repository Asrith-Ladi/networksecurity initialized!
[2025-05-20 18:49:32,523] 42 root - INFO - Start data Ingestion
[2025-05-20 18:49:36,967] 69 root - INFO - Performed train test split on the dataframe
[2025-05-20 18:49:36,967] 71 root - INFO - Exited split_data_as_train_test method of Data_Ingestion class
[2025-05-20 18:49:36,967] 79 root - INFO - Exporting train and test file path.
[2025-05-20 18:49:37,304] 88 root - INFO - Exported train and test file path.
[2025-05-20 18:49:37,304] 45 root - INFO - Data Ingestion completed and artifact : DataIngestionArtifact(trained_file_path='Artifacts\\05_20_2025_18_48_48\\data_ingestion\\ingested\\train.csv', test_file_path='Artifacts\\05_20_2025_18_48_48\\data_ingestion\\ingested\\test.csv')
[2025-05-20 18:49:37,310] 54 root - INFO - Initiate the data Validation
[2025-05-20 18:49:37,521] 32 root - INFO - Required number of columns:2
[2025-05-20 18:49:37,523] 33 root - INFO - Data frame has columns:31
[2025-05-20 18:49:37,523] 32 root - INFO - Required number of columns:2
[2025-05-20 18:49:37,523] 33 root - INFO - Data frame has columns:31
[2025-05-20 18:49:38,318] 60 root - INFO - Entered initiate_data_transformation method of DataTransformation class
[2025-05-20 18:49:38,318] 62 root - INFO - Starting data transformation
[2025-05-20 18:49:38,468] 49 root - INFO - Entered get_data_transformer_object method of Transformation class
[2025-05-20 18:49:38,468] 53 root - INFO - Initialise KNNImputer with {'missing_values': nan, 'n_neighbors': 3, 'weights': 'uniform'}
[2025-05-20 18:49:38,517] 46 root - INFO - Entered the save_object method of MainUtils class
[2025-05-20 18:49:38,527] 50 root - INFO - Exited the save_object method of MainUtils class
[2025-05-20 18:49:38,527] 46 root - INFO - Entered the save_object method of MainUtils class
[2025-05-20 18:49:38,534] 50 root - INFO - Exited the save_object method of MainUtils class
