[2025-05-20 15:29:57,138] 1026 httpx - INFO - HTTP Request: GET https://dagshub.com/api/v1/user "HTTP/1.1 200 OK"
[2025-05-20 15:29:57,148] 107 dagshub - INFO - Accessing as Asrith-Ladi
[2025-05-20 15:29:58,020] 1026 httpx - INFO - HTTP Request: GET https://dagshub.com/api/v1/repos/Asrith-Ladi/networksecurity "HTTP/1.1 200 OK"
[2025-05-20 15:29:59,609] 1026 httpx - INFO - HTTP Request: GET https://dagshub.com/api/v1/user "HTTP/1.1 200 OK"
[2025-05-20 15:29:59,613] 107 dagshub - INFO - Initialized MLflow to track repo "Asrith-Ladi/networksecurity"
[2025-05-20 15:29:59,615] 107 dagshub - INFO - Repository Asrith-Ladi/networksecurity initialized!
[2025-05-20 15:30:23,722] 36 root - INFO - Start data Ingestion
[2025-05-20 15:30:28,041] 69 root - INFO - Performed train test split on the dataframe
[2025-05-20 15:30:28,041] 71 root - INFO - Exited split_data_as_train_test method of Data_Ingestion class
[2025-05-20 15:30:28,042] 79 root - INFO - Exporting train and test file path.
[2025-05-20 15:30:28,354] 88 root - INFO - Exported train and test file path.
[2025-05-20 15:30:28,356] 39 root - INFO - Data Ingestion completed and artifact : DataIngestionArtifact(trained_file_path='Artifacts\\05_20_2025_15_29_51\\data_ingestion\\ingested\\train.csv', test_file_path='Artifacts\\05_20_2025_15_29_51\\data_ingestion\\ingested\\test.csv')
[2025-05-20 15:30:28,367] 48 root - INFO - Initiate the data Validation
[2025-05-20 15:30:28,569] 32 root - INFO - Required number of columns:2
[2025-05-20 15:30:28,569] 33 root - INFO - Data frame has columns:31
[2025-05-20 15:30:28,570] 32 root - INFO - Required number of columns:2
[2025-05-20 15:30:28,570] 33 root - INFO - Data frame has columns:31
[2025-05-20 15:30:29,290] 60 root - INFO - Entered initiate_data_transformation method of DataTransformation class
[2025-05-20 15:30:29,290] 62 root - INFO - Starting data transformation
[2025-05-20 15:30:29,423] 49 root - INFO - Entered get_data_transformer_object method of Transformation class
[2025-05-20 15:30:29,423] 53 root - INFO - Initialise KNNImputer with {'missing_values': nan, 'n_neighbors': 3, 'weights': 'uniform'}
[2025-05-20 15:30:29,499] 46 root - INFO - Entered the save_object method of MainUtils class
[2025-05-20 15:30:29,511] 50 root - INFO - Exited the save_object method of MainUtils class
[2025-05-20 15:30:29,511] 46 root - INFO - Entered the save_object method of MainUtils class
[2025-05-20 15:30:29,523] 50 root - INFO - Exited the save_object method of MainUtils class
[2025-05-20 15:40:36,604] 46 root - INFO - Entered the save_object method of MainUtils class
[2025-05-20 15:40:36,608] 50 root - INFO - Exited the save_object method of MainUtils class
[2025-05-20 15:40:36,608] 46 root - INFO - Entered the save_object method of MainUtils class
[2025-05-20 15:40:36,610] 50 root - INFO - Exited the save_object method of MainUtils class
[2025-05-20 15:40:36,610] 120 root - INFO - Model trainer artifact: ModelTrainerArtifact(trained_model_file_path='Artifacts\\05_20_2025_15_29_51\\model_trainer\\trained_model\\model.pkl', train_metric_artifact=ClassificationMetricArtifact(f1_score=0.9910195813639433, precision_score=0.9889495317027155, recall_score=0.9930983151769402), test_metric_artifact=ClassificationMetricArtifact(f1_score=0.9893026404874746, precision_score=0.9891686975358787, recall_score=0.9894366197183099))
[2025-05-20 15:40:36,614] 36 root - INFO - Start data Ingestion
[2025-05-20 15:40:40,179] 69 root - INFO - Performed train test split on the dataframe
[2025-05-20 15:40:40,179] 71 root - INFO - Exited split_data_as_train_test method of Data_Ingestion class
[2025-05-20 15:40:40,179] 79 root - INFO - Exporting train and test file path.
[2025-05-20 15:40:40,328] 88 root - INFO - Exported train and test file path.
[2025-05-20 15:40:40,331] 39 root - INFO - Data Ingestion completed and artifact : DataIngestionArtifact(trained_file_path='Artifacts\\05_20_2025_15_29_51\\data_ingestion\\ingested\\train.csv', test_file_path='Artifacts\\05_20_2025_15_29_51\\data_ingestion\\ingested\\test.csv')
[2025-05-20 15:40:40,331] 48 root - INFO - Initiate the data Validation
[2025-05-20 15:40:40,434] 32 root - INFO - Required number of columns:2
[2025-05-20 15:40:40,434] 33 root - INFO - Data frame has columns:31
[2025-05-20 15:40:40,434] 32 root - INFO - Required number of columns:2
[2025-05-20 15:40:40,434] 33 root - INFO - Data frame has columns:31
[2025-05-20 15:40:40,689] 60 root - INFO - Entered initiate_data_transformation method of DataTransformation class
[2025-05-20 15:40:40,689] 62 root - INFO - Starting data transformation
[2025-05-20 15:40:40,758] 49 root - INFO - Entered get_data_transformer_object method of Transformation class
[2025-05-20 15:40:40,758] 53 root - INFO - Initialise KNNImputer with {'missing_values': nan, 'n_neighbors': 3, 'weights': 'uniform'}
[2025-05-20 15:40:40,781] 46 root - INFO - Entered the save_object method of MainUtils class
[2025-05-20 15:40:40,787] 50 root - INFO - Exited the save_object method of MainUtils class
[2025-05-20 15:40:40,787] 46 root - INFO - Entered the save_object method of MainUtils class
[2025-05-20 15:40:40,791] 50 root - INFO - Exited the save_object method of MainUtils class
