[2025-05-20 15:56:48,907] 1026 httpx - INFO - HTTP Request: GET https://dagshub.com/api/v1/user "HTTP/1.1 200 OK"
[2025-05-20 15:56:48,913] 107 dagshub - INFO - Accessing as Asrith-Ladi
[2025-05-20 15:56:49,880] 1026 httpx - INFO - HTTP Request: GET https://dagshub.com/api/v1/repos/Asrith-Ladi/networksecurity "HTTP/1.1 200 OK"
[2025-05-20 15:56:50,733] 1026 httpx - INFO - HTTP Request: GET https://dagshub.com/api/v1/user "HTTP/1.1 200 OK"
[2025-05-20 15:56:50,735] 107 dagshub - INFO - Initialized MLflow to track repo "Asrith-Ladi/networksecurity"
[2025-05-20 15:56:50,737] 107 dagshub - INFO - Repository Asrith-Ladi/networksecurity initialized!
[2025-05-20 16:04:36,319] 36 root - INFO - Start data Ingestion
[2025-05-20 16:04:40,871] 69 root - INFO - Performed train test split on the dataframe
[2025-05-20 16:04:40,871] 71 root - INFO - Exited split_data_as_train_test method of Data_Ingestion class
[2025-05-20 16:04:40,871] 79 root - INFO - Exporting train and test file path.
[2025-05-20 16:04:41,243] 88 root - INFO - Exported train and test file path.
[2025-05-20 16:04:41,244] 39 root - INFO - Data Ingestion completed and artifact : DataIngestionArtifact(trained_file_path='Artifacts\\05_20_2025_15_56_43\\data_ingestion\\ingested\\train.csv', test_file_path='Artifacts\\05_20_2025_15_56_43\\data_ingestion\\ingested\\test.csv')
[2025-05-20 16:04:41,254] 48 root - INFO - Initiate the data Validation
[2025-05-20 16:04:41,437] 32 root - INFO - Required number of columns:2
[2025-05-20 16:04:41,437] 33 root - INFO - Data frame has columns:31
[2025-05-20 16:04:41,438] 32 root - INFO - Required number of columns:2
[2025-05-20 16:04:41,438] 33 root - INFO - Data frame has columns:31
[2025-05-20 16:04:42,281] 60 root - INFO - Entered initiate_data_transformation method of DataTransformation class
[2025-05-20 16:04:42,281] 62 root - INFO - Starting data transformation
[2025-05-20 16:04:42,474] 49 root - INFO - Entered get_data_transformer_object method of Transformation class
[2025-05-20 16:04:42,474] 53 root - INFO - Initialise KNNImputer with {'missing_values': nan, 'n_neighbors': 3, 'weights': 'uniform'}
[2025-05-20 16:04:42,550] 46 root - INFO - Entered the save_object method of MainUtils class
[2025-05-20 16:04:42,561] 50 root - INFO - Exited the save_object method of MainUtils class
[2025-05-20 16:04:42,561] 46 root - INFO - Entered the save_object method of MainUtils class
[2025-05-20 16:04:42,575] 50 root - INFO - Exited the save_object method of MainUtils class
[2025-05-20 16:16:36,953] 46 root - INFO - Entered the save_object method of MainUtils class
[2025-05-20 16:16:36,953] 50 root - INFO - Exited the save_object method of MainUtils class
[2025-05-20 16:16:36,953] 46 root - INFO - Entered the save_object method of MainUtils class
[2025-05-20 16:16:36,975] 50 root - INFO - Exited the save_object method of MainUtils class
[2025-05-20 16:16:36,975] 120 root - INFO - Model trainer artifact: ModelTrainerArtifact(trained_model_file_path='Artifacts\\05_20_2025_15_56_43\\model_trainer\\trained_model\\model.pkl', train_metric_artifact=ClassificationMetricArtifact(f1_score=0.9914900830649263, precision_score=0.9889753128170443, recall_score=0.9940176750509857), test_metric_artifact=ClassificationMetricArtifact(f1_score=0.9871506159756259, precision_score=0.9836325237592397, recall_score=0.9906939643711778))
