[2025-05-20 15:24:24,917] 1026 httpx - INFO - HTTP Request: GET https://dagshub.com/api/v1/user "HTTP/1.1 200 OK"
[2025-05-20 15:24:24,971] 107 dagshub - INFO - Accessing as Asrith-Ladi
[2025-05-20 15:24:26,606] 1026 httpx - INFO - HTTP Request: GET https://dagshub.com/api/v1/repos/Asrith-Ladi/networksecurity "HTTP/1.1 200 OK"
[2025-05-20 15:24:28,294] 1026 httpx - INFO - HTTP Request: GET https://dagshub.com/api/v1/user "HTTP/1.1 200 OK"
[2025-05-20 15:24:28,305] 107 dagshub - INFO - Initialized MLflow to track repo "Asrith-Ladi/networksecurity"
[2025-05-20 15:24:28,307] 107 dagshub - INFO - Repository Asrith-Ladi/networksecurity initialized!
[2025-05-20 15:26:41,656] 36 root - INFO - Start data Ingestion
[2025-05-20 15:26:46,370] 69 root - INFO - Performed train test split on the dataframe
[2025-05-20 15:26:46,370] 71 root - INFO - Exited split_data_as_train_test method of Data_Ingestion class
[2025-05-20 15:26:46,370] 79 root - INFO - Exporting train and test file path.
[2025-05-20 15:26:46,685] 88 root - INFO - Exported train and test file path.
[2025-05-20 15:26:46,687] 39 root - INFO - Data Ingestion completed and artifact : DataIngestionArtifact(trained_file_path='Artifacts\\05_20_2025_15_23_56\\data_ingestion\\ingested\\train.csv', test_file_path='Artifacts\\05_20_2025_15_23_56\\data_ingestion\\ingested\\test.csv')
[2025-05-20 15:26:46,743] 48 root - INFO - Initiate the data Validation
[2025-05-20 15:26:46,937] 32 root - INFO - Required number of columns:2
[2025-05-20 15:26:46,937] 33 root - INFO - Data frame has columns:31
[2025-05-20 15:26:46,937] 32 root - INFO - Required number of columns:2
[2025-05-20 15:26:46,937] 33 root - INFO - Data frame has columns:31
[2025-05-20 15:26:48,861] 60 root - INFO - Entered initiate_data_transformation method of DataTransformation class
[2025-05-20 15:26:48,861] 62 root - INFO - Starting data transformation
[2025-05-20 15:26:48,999] 49 root - INFO - Entered get_data_transformer_object method of Transformation class
[2025-05-20 15:26:49,001] 53 root - INFO - Initialise KNNImputer with {'missing_values': nan, 'n_neighbors': 3, 'weights': 'uniform'}
[2025-05-20 15:26:49,060] 46 root - INFO - Entered the save_object method of MainUtils class
[2025-05-20 15:26:49,071] 50 root - INFO - Exited the save_object method of MainUtils class
[2025-05-20 15:26:49,071] 46 root - INFO - Entered the save_object method of MainUtils class
[2025-05-20 15:26:49,082] 50 root - INFO - Exited the save_object method of MainUtils class
