[2025-05-20 11:26:34,295] 1026 httpx - INFO - HTTP Request: GET https://dagshub.com/api/v1/user "HTTP/1.1 200 OK"
[2025-05-20 11:26:34,354] 107 dagshub - INFO - Accessing as Asrith-Ladi
[2025-05-20 11:26:35,189] 1026 httpx - INFO - HTTP Request: GET https://dagshub.com/api/v1/repos/Asrith-Ladi/networksecurity "HTTP/1.1 200 OK"
[2025-05-20 11:26:36,003] 1026 httpx - INFO - HTTP Request: GET https://dagshub.com/api/v1/user "HTTP/1.1 200 OK"
[2025-05-20 11:26:36,003] 107 dagshub - INFO - Initialized MLflow to track repo "Asrith-Ladi/networksecurity"
[2025-05-20 11:26:36,016] 107 dagshub - INFO - Repository Asrith-Ladi/networksecurity initialized!
[2025-05-20 11:26:36,016] 20 root - INFO - Initiate the data ingestion
[2025-05-20 11:26:39,640] 69 root - INFO - Performed train test split on the dataframe
[2025-05-20 11:26:39,640] 71 root - INFO - Exited split_data_as_train_test method of Data_Ingestion class
[2025-05-20 11:26:39,640] 79 root - INFO - Exporting train and test file path.
[2025-05-20 11:26:39,754] 88 root - INFO - Exported train and test file path.
[2025-05-20 11:26:39,754] 22 root - INFO - Data Initiation Completed
[2025-05-20 11:26:39,768] 26 root - INFO - Initiate the data Validation
[2025-05-20 11:26:39,848] 32 root - INFO - Required number of columns:2
[2025-05-20 11:26:39,848] 33 root - INFO - Data frame has columns:31
[2025-05-20 11:26:39,848] 32 root - INFO - Required number of columns:2
[2025-05-20 11:26:39,848] 33 root - INFO - Data frame has columns:31
[2025-05-20 11:26:40,142] 28 root - INFO - data Validation Completed
[2025-05-20 11:26:40,142] 31 root - INFO - data Transformation started
[2025-05-20 11:26:40,151] 60 root - INFO - Entered initiate_data_transformation method of DataTransformation class
[2025-05-20 11:26:40,151] 62 root - INFO - Starting data transformation
[2025-05-20 11:26:40,215] 49 root - INFO - Entered get_data_transformer_object method of Transformation class
[2025-05-20 11:26:40,215] 53 root - INFO - Initialise KNNImputer with {'missing_values': nan, 'n_neighbors': 3, 'weights': 'uniform'}
[2025-05-20 11:26:40,241] 46 root - INFO - Entered the save_object method of MainUtils class
[2025-05-20 11:26:40,246] 50 root - INFO - Exited the save_object method of MainUtils class
[2025-05-20 11:26:40,246] 46 root - INFO - Entered the save_object method of MainUtils class
[2025-05-20 11:26:40,253] 50 root - INFO - Exited the save_object method of MainUtils class
[2025-05-20 11:26:40,256] 35 root - INFO - data Transformation completed
[2025-05-20 11:26:40,256] 37 root - INFO - Model Training sstared
[2025-05-20 12:10:52,390] 46 root - INFO - Entered the save_object method of MainUtils class
[2025-05-20 12:10:52,395] 50 root - INFO - Exited the save_object method of MainUtils class
[2025-05-20 12:10:52,395] 46 root - INFO - Entered the save_object method of MainUtils class
[2025-05-20 12:10:52,408] 50 root - INFO - Exited the save_object method of MainUtils class
[2025-05-20 12:10:52,408] 120 root - INFO - Model trainer artifact: ModelTrainerArtifact(trained_model_file_path='Artifacts\\05_20_2025_11_26_27\\model_trainer\\trained_model\\model.pkl', train_metric_artifact=ClassificationMetricArtifact(f1_score=0.9912059031638533, precision_score=0.9906384698275862, recall_score=0.9917739869192906), test_metric_artifact=ClassificationMetricArtifact(f1_score=0.9880707527766351, precision_score=0.9863126197645771, recall_score=0.9898351648351649))
[2025-05-20 12:10:52,408] 42 root - INFO - Model Training artifact created
